<?xml version="1.0" encoding="UTF-8"?>
<testsuite xmlns:xsi="http://www.w3.org/2001/XMLSchema-instance" xsi:noNamespaceSchemaLocation="https://maven.apache.org/surefire/maven-surefire-plugin/xsd/surefire-test-report.xsd" version="3.0.2" name="com.hari.mini_account_management.MiniAccountManagementApplicationTests" time="1.772" tests="1" errors="0" skipped="0" failures="0" flakes="0">
  <properties>
[...]
</properties>
  <testcase name="contextLoads" classname="com.hari.mini_account_management.MiniAccountManagementApplicationTests" time="0.231">
    <system-out><![CDATA[22:26:41.068 [main] INFO org.springframework.test.context.support.AnnotationConfigContextLoaderUtils -- Could not detect default configuration classes for test class [com.hari.mini_account_management.MiniAccountManagementApplicationTests]: MiniAccountManagementApplicationTests does not declare any static, non-private, non-final, nested classes annotated with @Configuration.
22:26:41.102 [main] INFO org.springframework.boot.test.context.SpringBootTestContextBootstrapper -- Found @SpringBootConfiguration com.hari.mini_account_management.MiniAccountManagementApplication for test class com.hari.mini_account_management.MiniAccountManagementApplicationTests
22:26:41.130 [main] INFO org.springframework.test.context.support.AnnotationConfigContextLoaderUtils -- Could not detect default configuration classes for test class [com.hari.mini_account_management.MiniAccountManagementApplicationTests]: MiniAccountManagementApplicationTests does not declare any static, non-private, non-final, nested classes annotated with @Configuration.
22:26:41.131 [main] INFO org.springframework.boot.test.context.SpringBootTestContextBootstrapper -- Found @SpringBootConfiguration com.hari.mini_account_management.MiniAccountManagementApplication for test class com.hari.mini_account_management.MiniAccountManagementApplicationTests

  .   ____          _            __ _ _
 /\\ / ___'_ __ _ _(_)_ __  __ _ \ \ \ \
( ( )\___ | '_ | '_| | '_ \/ _` | \ \ \ \
 \\/  ___)| |_)| | | | | || (_| |  ) ) ) )
  '  |____| .__|_| |_|_| |_\__, | / / / /
 =========|_|==============|___/=/_/_/_/

 :: Spring Boot ::                (v4.0.6)

2026-05-28T22:26:41.279+05:30  INFO 24892 --- [mini-account-management] [           main] .m.MiniAccountManagementApplicationTests : Starting MiniAccountManagementApplicationTests using Java 21.0.11 with PID 24892 (started by hari in /Users/hari/myws/myproj/atoz)
2026-05-28T22:26:41.280+05:30  INFO 24892 --- [mini-account-management] [           main] .m.MiniAccountManagementApplicationTests : The following 1 profile is active: "test"
2026-05-28T22:26:41.525+05:30  INFO 24892 --- [mini-account-management] [           main] .s.d.r.c.RepositoryConfigurationDelegate : Bootstrapping Spring Data JPA repositories in DEFAULT mode.
2026-05-28T22:26:41.544+05:30  INFO 24892 --- [mini-account-management] [           main] .s.d.r.c.RepositoryConfigurationDelegate : Finished Spring Data repository scanning in 16 ms. Found 1 JPA repository interface.
2026-05-28T22:26:41.684+05:30  INFO 24892 --- [mini-account-management] [           main] org.hibernate.orm.jpa                    : HHH008540: Processing PersistenceUnitInfo [name: default]
2026-05-28T22:26:41.706+05:30  INFO 24892 --- [mini-account-management] [           main] org.hibernate.orm.core                   : HHH000001: Hibernate ORM core version 7.2.12.Final
2026-05-28T22:26:41.844+05:30  INFO 24892 --- [mini-account-management] [           main] o.s.o.j.p.SpringPersistenceUnitInfo      : No LoadTimeWeaver setup: ignoring JPA class transformer
2026-05-28T22:26:41.857+05:30  INFO 24892 --- [mini-account-management] [           main] com.zaxxer.hikari.HikariDataSource       : HikariPool-1 - Starting...
2026-05-28T22:26:41.917+05:30  INFO 24892 --- [mini-account-management] [           main] com.zaxxer.hikari.pool.HikariPool        : HikariPool-1 - Added connection conn0: url=jdbc:h2:mem:testdb user=SA
2026-05-28T22:26:41.918+05:30  INFO 24892 --- [mini-account-management] [           main] com.zaxxer.hikari.HikariDataSource       : HikariPool-1 - Start completed.
2026-05-28T22:26:41.942+05:30  INFO 24892 --- [mini-account-management] [           main] org.hibernate.orm.connections.pooling    : HHH10001005: Database info:
	Database JDBC URL [jdbc:h2:mem:testdb]
	Database driver: H2 JDBC Driver
	Database dialect: H2Dialect
	Database version: 2.4.240
	Default catalog/schema: TESTDB/PUBLIC
	Autocommit mode: undefined/unknown
	Isolation level: READ_COMMITTED [default READ_COMMITTED]
	JDBC fetch size: 100
	Pool: DataSourceConnectionProvider
	Minimum pool size: undefined/unknown
	Maximum pool size: undefined/unknown
2026-05-28T22:26:42.217+05:30  INFO 24892 --- [mini-account-management] [           main] org.hibernate.orm.core                   : HHH000489: No JTA platform available (set 'hibernate.transaction.jta.platform' to enable JTA platform integration)
2026-05-28T22:26:42.229+05:30  INFO 24892 --- [mini-account-management] [           main] j.LocalContainerEntityManagerFactoryBean : Initialized JPA EntityManagerFactory for persistence unit 'default'
2026-05-28T22:26:42.257+05:30  INFO 24892 --- [mini-account-management] [           main] o.s.d.j.r.query.QueryEnhancerFactories   : Hibernate is in classpath; If applicable, HQL parser will be used.
2026-05-28T22:26:42.307+05:30  WARN 24892 --- [mini-account-management] [           main] JpaBaseConfiguration$JpaWebConfiguration : spring.jpa.open-in-view is enabled by default. Therefore, database queries may be performed during view rendering. Explicitly configure spring.jpa.open-in-view to disable this warning
2026-05-28T22:26:42.487+05:30  INFO 24892 --- [mini-account-management] [           main] o.s.b.a.e.web.EndpointLinksResolver      : Exposing 1 endpoint beneath base path '/actuator'
2026-05-28T22:26:42.508+05:30  INFO 24892 --- [mini-account-management] [           main] .m.MiniAccountManagementApplicationTests : Started MiniAccountManagementApplicationTests in 1.348 seconds (process running for 1.717)
]]></system-out>
    <system-err><![CDATA[Mockito is currently self-attaching to enable the inline-mock-maker. This will no longer work in future releases of the JDK. Please add Mockito as an agent to your build as described in Mockito's documentation: https://javadoc.io/doc/org.mockito/mockito-core/latest/org.mockito/org/mockito/Mockito.html#0.3
WARNING: A Java agent has been loaded dynamically (/Users/hari/.m2/repository/net/bytebuddy/byte-buddy-agent/1.17.8/byte-buddy-agent-1.17.8.jar)
WARNING: If a serviceability tool is in use, please run with -XX:+EnableDynamicAgentLoading to hide this warning
WARNING: If a serviceability tool is not in use, please run with -Djdk.instrument.traceUsage for more information
WARNING: Dynamic loading of agents will be disallowed by default in a future release
]]></system-err>
  </testcase>
</testsuite>